<?xml version="1.0" encoding="UTF-8" ?>
<testsuite errors="0" failures="1" hostname="J3F01P1" name="com.xstreamcompare.compare.test_CompareResponses" tests="1" time="0.395" timestamp="2011-09-10T02:07:45">

  <properties>
[...]
</properties>

  <testcase classname="com.xstreamcompare.compare.test_CompareResponses" name="CompareResponses" time="0.273">

    <failure message="C:\navteq-test\TestingTools\XStreamCompare\compare\..\data\response\nmg\post-xml\0040.xml&#xa;[different] Expected presence of child nodes to be &apos;true&apos; but was &apos;false&apos; - comparing &lt;Document Node &lt;...&gt;&gt; at  to &lt;Document Node &lt;...&gt;&gt; at &#xa;" type="junit.framework.AssertionFailedError">junit.framework.AssertionFailedError: C:\navteq-test\TestingTools\XStreamCompare\compare\..\data\response\nmg\post-xml\0040.xml

[different] Expected presence of child nodes to be &apos;true&apos; but was &apos;false&apos; - comparing &lt;Document Node &lt;...&gt;&gt; at  to &lt;Document Node &lt;...&gt;&gt; at 



	at com.xstreamcompare.compare.test_CompareResponses.CompareResponses(test_CompareResponses.java:187)

</failure>

  </testcase>

  <system-out><![CDATA[]]></system-out>

  <system-err><![CDATA[SystemId Unknown; Line #-1; Column #-1; Premature end of file.

SystemId Unknown; Line #-1; Column #-1; Premature end of file.

]]></system-err>

</testsuite>

